$ docker run -d -p 3001:80 -e RAILS_MASTER_KEY=<redacted, from config/master.key> --name ai-factory-verify ai-factory
bbf153bf9071d62a766f8dcaa034e4c4880f516aefd92f6b4bcedba74400bb4f

$ docker ps --filter name=ai-factory-verify
CONTAINER ID   IMAGE        COMMAND                  STATUS          PORTS
bbf153bf9071   ai-factory   "/rails/bin/docker-e…"   Up 10 seconds   0.0.0.0:3001->80/tcp

$ docker logs ai-factory-verify
{"time":"2026-07-11T17:45:18.84243984Z","level":"INFO","msg":"Server started","http":":80"}
=> Booting Puma
=> Rails 8.1.3 application starting in production
Puma starting in single mode...
* Puma version: 8.0.2 ("Into the Arena")
* Ruby version: ruby 3.3.11 (2026-03-26 revision 1f2d15125a) +YJIT [aarch64-linux]
* Environment: production
* Listening on http://0.0.0.0:3000
Use Ctrl-C to stop

$ curl -s -o /dev/null -w "%{http_code}\n" http://localhost:3001/up
200
$ curl -s http://localhost:3001/up
<!DOCTYPE html><html><body style="background-color: green"></body></html>

$ curl -s -o /dev/null -w "%{http_code}\n" http://localhost:3001/
302   # redirects to sign-in — confirms the full app (auth included) boots correctly, not just the health route
